[    40.740] 
X.Org X Server 1.17.4
Release Date: 2015-10-28
[    40.740] X Protocol Version 11, Revision 0
[    40.740] Build Operating System: FreeBSD 11.0-RELEASE-p2 amd64 
[    40.740] Current Operating System: FreeBSD liberation 11.0-RELEASE-p2 FreeBSD 11.0-RELEASE-p2 #0 1660935(releng/11.0): Tue Nov  1 21:40:13 CET 2016     root@:/usr/obj/usr/src/sys/T520 amd64
[    40.740] Build Date: 29 October 2016  08:07:50PM
[    40.740]  
[    40.740] Current version of pixman: 0.34.0
[    40.740] 	Before reporting problems, check http://wiki.x.org
	to make sure that you have the latest version.
[    40.740] Markers: (--) probed, (**) from config file, (==) default setting,
	(++) from command line, (!!) notice, (II) informational,
	(WW) warning, (EE) error, (NI) not implemented, (??) unknown.
[    40.740] (==) Log file: "/var/log/Xorg.0.log", Time: Thu Jan 12 01:26:17 2017
[    40.741] (==) Using config directory: "/usr/local/etc/X11/xorg.conf.d"
[    40.741] (==) ServerLayout "Layout0"
[    40.741] (**) |-->Screen "Screen0" (0)
[    40.741] (**) |   |-->Monitor "Monitor0"
[    40.742] (**) |   |-->Device "Device0"
[    40.742] (**) |-->Screen "Screen1" (1)
[    40.742] (**) |   |-->Monitor "Monitor1"
[    40.742] (**) |   |-->Device "Device1"
[    40.742] (**) Option "Xinerama" "0"
[    40.742] (**) Option "AutoAddDevices" "Off"
[    40.742] (**) Not automatically adding devices
[    40.742] (==) Automatically enabling devices
[    40.742] (==) Not automatically adding GPU devices
[    40.742] (WW) The directory "/usr/local/share/fonts/misc/" does not exist.
[    40.742] 	Entry deleted from font path.
[    40.743] (WW) The directory "/usr/local/share/fonts/Type1/" does not exist.
[    40.743] 	Entry deleted from font path.
[    40.743] (WW) The directory "/usr/local/share/fonts/100dpi/" does not exist.
[    40.743] 	Entry deleted from font path.
[    40.743] (WW) The directory "/usr/local/share/fonts/75dpi/" does not exist.
[    40.743] 	Entry deleted from font path.
[    40.743] (==) FontPath set to:
	/usr/local/share/fonts/TTF/,
	/usr/local/share/fonts/OTF/
[    40.743] (==) ModulePath set to "/usr/local/lib/xorg/modules"
[    40.743] (==) |-->Input Device "<default pointer>"
[    40.743] (==) |-->Input Device "Keyboard0"
[    40.743] (==) The core pointer device wasn't specified explicitly in the layout.
	Using the default mouse configuration.
[    40.743] (==) The core keyboard device wasn't specified explicitly in the layout.
	Using the first keyboard device.
[    40.743] (II) Loader magic: 0x8112f0
[    40.744] (II) Module ABI versions:
[    40.744] 	X.Org ANSI C Emulation: 0.4
[    40.744] 	X.Org Video Driver: 19.0
[    40.744] 	X.Org XInput driver : 21.0
[    40.744] 	X.Org Server Extension : 9.0
[    40.744] (--) PCI:*(0:1:0:0) 10de:1057:17aa:21cf rev 161, Mem @ 0xf2000000/16777216, 0xe0000000/268435456, 0xf0000000/33554432, I/O @ 0x00005000/128, BIOS @ 0x????????/65536
[    40.744] (II) LoadModule: "glx"
[    40.745] (II) Loading /usr/local/lib/xorg/modules/extensions/libglx.so
[    40.813] (II) Module glx: vendor="NVIDIA Corporation"
[    40.813] 	compiled for 4.0.2, module version = 1.0.0
[    40.813] 	Module class: X.Org Server Extension
[    40.813] (II) NVIDIA GLX Module  367.44  Wed Aug 17 22:01:17 PDT 2016
[    40.814] (II) LoadModule: "nvidia"
[    40.814] (II) Loading /usr/local/lib/xorg/modules/drivers/nvidia_drv.so
[    40.819] (II) Module nvidia: vendor="NVIDIA Corporation"
[    40.819] 	compiled for 4.0.2, module version = 1.0.0
[    40.819] 	Module class: X.Org Video Driver
[    40.820] (II) LoadModule: "mouse"
[    40.820] (II) Loading /usr/local/lib/xorg/modules/input/mouse_drv.so
[    40.821] (II) Module mouse: vendor="X.Org Foundation"
[    40.822] 	compiled for 1.17.4, module version = 1.9.1
[    40.822] 	Module class: X.Org XInput Driver
[    40.822] 	ABI class: X.Org XInput driver, version 21.0
[    40.822] (II) LoadModule: "kbd"
[    40.822] (II) Loading /usr/local/lib/xorg/modules/input/kbd_drv.so
[    40.822] (II) Module kbd: vendor="X.Org Foundation"
[    40.822] 	compiled for 1.17.4, module version = 1.8.1
[    40.822] 	Module class: X.Org XInput Driver
[    40.822] 	ABI class: X.Org XInput driver, version 21.0
[    40.823] (II) NVIDIA dlloader X Driver  367.44  Wed Aug 17 21:41:06 PDT 2016
[    40.823] (II) NVIDIA Unified Driver for all Supported NVIDIA GPUs
[    40.823] (--) Using syscons driver with X support (version 549739036674.0)
[    40.823] (++) using VT number 9

[    40.827] (II) Loading sub module "fb"
[    40.827] (II) LoadModule: "fb"
[    40.827] (II) Loading /usr/local/lib/xorg/modules/libfb.so
[    40.829] (II) Module fb: vendor="X.Org Foundation"
[    40.829] 	compiled for 1.17.4, module version = 1.0.0
[    40.829] 	ABI class: X.Org ANSI C Emulation, version 0.4
[    40.829] (II) Loading sub module "wfb"
[    40.829] (II) LoadModule: "wfb"
[    40.829] (II) Loading /usr/local/lib/xorg/modules/libwfb.so
[    40.831] (II) Module wfb: vendor="X.Org Foundation"
[    40.831] 	compiled for 1.17.4, module version = 1.0.0
[    40.831] 	ABI class: X.Org ANSI C Emulation, version 0.4
[    40.831] (II) Loading sub module "ramdac"
[    40.831] (II) LoadModule: "ramdac"
[    40.831] (II) Module "ramdac" already built-in
[    40.833] (WW) VGA arbiter: cannot open kernel arbiter, no multi-card support
[    40.833] (**) NVIDIA(0): Depth 24, (--) framebuffer bpp 32
[    40.833] (==) NVIDIA(0): RGB weight 888
[    40.833] (==) NVIDIA(0): Default visual is TrueColor
[    40.833] (==) NVIDIA(0): Using gamma correction (1.0, 1.0, 1.0)
[    40.833] (**) NVIDIA(0): Option "Stereo" "0"
[    40.833] (**) NVIDIA(0): Option "nvidiaXineramaInfoOrder" "DFP-6"
[    40.833] (**) NVIDIA(0): Option "SLI" "Off"
[    40.833] (**) NVIDIA(0): Option "MultiGPU" "Off"
[    40.833] (**) NVIDIA(0): Option "BaseMosaic" "off"
[    40.833] (**) NVIDIA(0): Stereo disabled by request
[    40.833] (**) NVIDIA(0): NVIDIA SLI disabled.
[    40.833] (**) NVIDIA(0): NVIDIA Multi-GPU disabled.
[    40.833] (**) NVIDIA(0): Option "MetaModes" "DP-5: nvidia-auto-select +1600+0, LVDS-0: nvidia-auto-select +0+0"
[    40.834] (**) NVIDIA(1): Option "MetaModes" "DP-1: nvidia-auto-select +0+0"
[    40.834] (**) NVIDIA(0): Enabling 2D acceleration
[    41.485] (--) NVIDIA(0): Valid display device(s) on GPU-0 at PCI:1:0:0
[    41.485] (--) NVIDIA(0):     CRT-0
[    41.485] (--) NVIDIA(0):     DFP-0 (boot)
[    41.485] (--) NVIDIA(0):     DFP-1
[    41.485] (--) NVIDIA(0):     DFP-2
[    41.485] (--) NVIDIA(0):     DFP-3
[    41.485] (--) NVIDIA(0):     DFP-4
[    41.485] (--) NVIDIA(0):     DFP-5
[    41.485] (--) NVIDIA(0):     DFP-6
[    41.486] (--) NVIDIA(0): CRT-0: disconnected
[    41.486] (--) NVIDIA(0): CRT-0: 400.0 MHz maximum pixel clock
[    41.486] (--) NVIDIA(0): 
[    41.486] (--) NVIDIA(0): Lenovo Group Limited (DFP-0): connected
[    41.486] (--) NVIDIA(0): Lenovo Group Limited (DFP-0): Internal LVDS
[    41.486] (--) NVIDIA(0): Lenovo Group Limited (DFP-0): 330.0 MHz maximum pixel clock
[    41.486] (--) NVIDIA(0): 
[    41.486] (--) NVIDIA(0): DFP-1: disconnected
[    41.486] (--) NVIDIA(0): DFP-1: Internal TMDS
[    41.486] (--) NVIDIA(0): DFP-1: 165.0 MHz maximum pixel clock
[    41.486] (--) NVIDIA(0): 
[    41.497] (--) NVIDIA(0): HP L1950 (DFP-2): connected
[    41.497] (--) NVIDIA(0): HP L1950 (DFP-2): Internal TMDS
[    41.497] (--) NVIDIA(0): HP L1950 (DFP-2): 165.0 MHz maximum pixel clock
[    41.497] (--) NVIDIA(0): 
[    41.498] (--) NVIDIA(0): DFP-3: disconnected
[    41.498] (--) NVIDIA(0): DFP-3: Internal TMDS
[    41.498] (--) NVIDIA(0): DFP-3: 165.0 MHz maximum pixel clock
[    41.498] (--) NVIDIA(0): 
[    41.498] (--) NVIDIA(0): DFP-4: disconnected
[    41.498] (--) NVIDIA(0): DFP-4: Internal DisplayPort
[    41.498] (--) NVIDIA(0): DFP-4: 480.0 MHz maximum pixel clock
[    41.498] (--) NVIDIA(0): 
[    41.498] (--) NVIDIA(0): DFP-5: disconnected
[    41.498] (--) NVIDIA(0): DFP-5: Internal DisplayPort
[    41.498] (--) NVIDIA(0): DFP-5: 480.0 MHz maximum pixel clock
[    41.498] (--) NVIDIA(0): 
[    41.498] (--) NVIDIA(0): Ancor Communications Inc ASUS PB278 (DFP-6): connected
[    41.499] (--) NVIDIA(0): Ancor Communications Inc ASUS PB278 (DFP-6): Internal DisplayPort
[    41.499] (--) NVIDIA(0): Ancor Communications Inc ASUS PB278 (DFP-6): 480.0 MHz maximum pixel clock
[    41.499] (--) NVIDIA(0): 
[    41.500] (II) NVIDIA(0): NVIDIA GPU NVS 4200M (GF119) at PCI:1:0:0 (GPU-0)
[    41.500] (--) NVIDIA(0): Memory: 1048576 kBytes
[    41.500] (--) NVIDIA(0): VideoBIOS: 75.19.53.00.22
[    41.500] (II) NVIDIA(0): Detected PCI Express Link width: 16X
[    41.500] (**) NVIDIA(0): Using HorizSync/VertRefresh ranges from the EDID for display
[    41.500] (**) NVIDIA(0):     device Lenovo Group Limited (DFP-0) (Using EDID
[    41.500] (**) NVIDIA(0):     frequencies has been enabled on all display devices.)
[    41.501] (**) NVIDIA(0): Using HorizSync/VertRefresh ranges from the EDID for display
[    41.501] (**) NVIDIA(0):     device HP L1950 (DFP-2) (Using EDID frequencies has been
[    41.501] (**) NVIDIA(0):     enabled on all display devices.)
[    41.502] (**) NVIDIA(0): Using HorizSync/VertRefresh ranges from the EDID for display
[    41.502] (**) NVIDIA(0):     device Ancor Communications Inc ASUS PB278 (DFP-6) (Using
[    41.502] (**) NVIDIA(0):     EDID frequencies has been enabled on all display
[    41.502] (**) NVIDIA(0):     devices.)
[    41.505] (II) NVIDIA(0): Validated MetaModes:
[    41.505] (II) NVIDIA(0):    
[    41.505] (II) NVIDIA(0):     "DP-5:nvidia-auto-select+1600+0,LVDS-0:nvidia-auto-select+0+0"
[    41.505] (II) NVIDIA(0): Virtual screen size determined to be 4160 x 1440
[    41.509] (--) NVIDIA(0): DPI set to (116, 120); computed from "UseEdidDpi" X config
[    41.509] (--) NVIDIA(0):     option
[    41.509] (**) NVIDIA(1): Depth 24, (--) framebuffer bpp 32
[    41.509] (==) NVIDIA(1): RGB weight 888
[    41.509] (==) NVIDIA(1): Default visual is TrueColor
[    41.509] (==) NVIDIA(1): Using gamma correction (1.0, 1.0, 1.0)
[    41.509] (**) NVIDIA(1): Option "Stereo" "0"
[    41.509] (**) NVIDIA(1): Option "SLI" "Off"
[    41.509] (**) NVIDIA(1): Option "MultiGPU" "Off"
[    41.509] (**) NVIDIA(1): Option "BaseMosaic" "off"
[    41.509] (**) NVIDIA(1): Stereo disabled by request
[    41.509] (**) NVIDIA(1): NVIDIA SLI disabled.
[    41.509] (**) NVIDIA(1): NVIDIA Multi-GPU disabled.
[    41.509] (II) NVIDIA(1): NVIDIA GPU NVS 4200M (GF119) at PCI:1:0:0 (GPU-0)
[    41.509] (--) NVIDIA(1): Memory: 1048576 kBytes
[    41.509] (--) NVIDIA(1): VideoBIOS: 75.19.53.00.22
[    41.509] (II) NVIDIA(1): Detected PCI Express Link width: 16X
[    41.509] (EE) NVIDIA(1): Failed to assign any connected display devices to X screen 1. 
[    41.509] (EE) NVIDIA(1):     Set AllowEmptyInitialConfiguration if you want the server
[    41.509] (EE) NVIDIA(1):     to start anyway
[    41.509] (EE) NVIDIA(1): Failing initialization of X screen 1
[    41.509] (II) UnloadModule: "nvidia"
[    41.509] (II) UnloadSubModule: "wfb"
[    41.509] (II) UnloadSubModule: "fb"
[    41.509] (--) Depth 24 pixmap format is 32 bpp
[    41.510] (II) NVIDIA: Reserving 12288.00 MB of virtual memory for indirect memory
[    41.510] (II) NVIDIA:     access.
[    41.547] (II) NVIDIA(0): Setting mode "DP-5:nvidia-auto-select+1600+0,LVDS-0:nvidia-auto-select+0+0"
[    42.352] (==) NVIDIA(0): Disabling shared memory pixmaps
[    42.352] (==) NVIDIA(0): Backing store enabled
[    42.352] (==) NVIDIA(0): Silken mouse enabled
[    42.353] (**) NVIDIA(0): DPMS enabled
[    42.353] (II) Loading sub module "dri2"
[    42.353] (II) LoadModule: "dri2"
[    42.353] (II) Module "dri2" already built-in
[    42.353] (II) NVIDIA(0): [DRI2] Setup complete
[    42.354] (II) NVIDIA(0): [DRI2]   VDPAU driver: nvidia
[    42.354] (--) RandR disabled
[    42.354] (II) Initializing extension GLX
[    42.354] (II) Indirect GLX disabled.
[    42.424] (II) Using input driver 'mouse' for '<default pointer>'
[    42.424] (**) Option "CorePointer" "on"
[    42.424] (**) <default pointer>: always reports core events
[    42.424] (WW) <default pointer>: No Device specified, looking for one...
[    42.427] (II) <default pointer>: Setting Device option to "/dev/sysmouse"
[    42.427] (--) <default pointer>: Device: "/dev/sysmouse"
[    42.427] (==) <default pointer>: Protocol: "Auto"
[    42.427] (**) <default pointer>: always reports core events
[    42.427] (**) Option "Device" "/dev/sysmouse"
[    42.427] (==) <default pointer>: Emulate3Buttons, Emulate3Timeout: 50
[    42.427] (**) <default pointer>: ZAxisMapping: buttons 4 and 5
[    42.427] (**) <default pointer>: Buttons: 5
[    42.427] (II) XINPUT: Adding extended input device "<default pointer>" (type: MOUSE, id 6)
[    42.427] (**) <default pointer>: (accel) keeping acceleration scheme 1
[    42.427] (**) <default pointer>: (accel) acceleration profile 0
[    42.427] (**) <default pointer>: (accel) acceleration factor: 2.000
[    42.427] (**) <default pointer>: (accel) acceleration threshold: 4
[    42.427] (II) <default pointer>: SetupAuto: hw.iftype is 4, hw.model is 0
[    42.427] (II) <default pointer>: SetupAuto: protocol is SysMouse
[    42.428] (II) Using input driver 'kbd' for 'Keyboard0'
[    42.428] (**) Option "CoreKeyboard" "on"
[    42.428] (**) Keyboard0: always reports core events
[    42.428] (**) Keyboard0: always reports core events
[    42.428] (**) Option "Protocol" "standard"
[    42.428] (**) Option "XkbRules" "base"
[    42.428] (**) Option "XkbModel" "pc105"
[    42.428] (**) Option "XkbLayout" "dvorak"
[    42.428] (II) XINPUT: Adding extended input device "Keyboard0" (type: KEYBOARD, id 7)
[    42.452] (II) config/devd: probing input devices...
[    42.452] (II) config/devd: adding input device (null) (/dev/kbdmux)
[    42.452] (II) AutoAddDevices is off - not adding device.
[    42.452] (II) config/devd: kbdmux is enabled, ignoring device ukbd0
[    42.452] (II) config/devd: kbdmux is enabled, ignoring device atkbd0
[    42.452] (II) config/devd: adding input device (null) (/dev/sysmouse)
[    42.452] (II) AutoAddDevices is off - not adding device.
[    42.452] (II) config/devd: device /dev/ums0 already opened
[    42.452] (II) config/devd: device /dev/psm0 already opened
[    42.453] (--) NVIDIA(GPU-0): Ancor Communications Inc ASUS PB278 (DFP-6): connected
[    42.453] (--) NVIDIA(GPU-0): Ancor Communications Inc ASUS PB278 (DFP-6): Internal DisplayPort
[    42.453] (--) NVIDIA(GPU-0): Ancor Communications Inc ASUS PB278 (DFP-6): 480.0 MHz maximum pixel clock
[    42.453] (--) NVIDIA(GPU-0): 
[    52.417] (--) NVIDIA(GPU-0): CRT-0: disconnected
[    52.417] (--) NVIDIA(GPU-0): CRT-0: 400.0 MHz maximum pixel clock
[    52.417] (--) NVIDIA(GPU-0): 
[    52.417] (--) NVIDIA(GPU-0): Lenovo Group Limited (DFP-0): connected
[    52.417] (--) NVIDIA(GPU-0): Lenovo Group Limited (DFP-0): Internal LVDS
[    52.417] (--) NVIDIA(GPU-0): Lenovo Group Limited (DFP-0): 330.0 MHz maximum pixel clock
[    52.417] (--) NVIDIA(GPU-0): 
[    52.417] (--) NVIDIA(GPU-0): DFP-1: disconnected
[    52.417] (--) NVIDIA(GPU-0): DFP-1: Internal TMDS
[    52.417] (--) NVIDIA(GPU-0): DFP-1: 165.0 MHz maximum pixel clock
[    52.417] (--) NVIDIA(GPU-0): 
[    52.428] (--) NVIDIA(GPU-0): HP L1950 (DFP-2): connected
[    52.428] (--) NVIDIA(GPU-0): HP L1950 (DFP-2): Internal TMDS
[    52.428] (--) NVIDIA(GPU-0): HP L1950 (DFP-2): 165.0 MHz maximum pixel clock
[    52.428] (--) NVIDIA(GPU-0): 
[    52.429] (--) NVIDIA(GPU-0): DFP-3: disconnected
[    52.429] (--) NVIDIA(GPU-0): DFP-3: Internal TMDS
[    52.429] (--) NVIDIA(GPU-0): DFP-3: 165.0 MHz maximum pixel clock
[    52.429] (--) NVIDIA(GPU-0): 
[    52.429] (--) NVIDIA(GPU-0): DFP-4: disconnected
[    52.429] (--) NVIDIA(GPU-0): DFP-4: Internal DisplayPort
[    52.429] (--) NVIDIA(GPU-0): DFP-4: 480.0 MHz maximum pixel clock
[    52.429] (--) NVIDIA(GPU-0): 
[    52.429] (--) NVIDIA(GPU-0): DFP-5: disconnected
[    52.429] (--) NVIDIA(GPU-0): DFP-5: Internal DisplayPort
[    52.429] (--) NVIDIA(GPU-0): DFP-5: 480.0 MHz maximum pixel clock
[    52.429] (--) NVIDIA(GPU-0): 
[    52.430] (--) NVIDIA(GPU-0): Ancor Communications Inc ASUS PB278 (DFP-6): connected
[    52.430] (--) NVIDIA(GPU-0): Ancor Communications Inc ASUS PB278 (DFP-6): Internal DisplayPort
[    52.430] (--) NVIDIA(GPU-0): Ancor Communications Inc ASUS PB278 (DFP-6): 480.0 MHz maximum pixel clock
[    52.430] (--) NVIDIA(GPU-0): 
[    52.432] (--) NVIDIA(GPU-0): CRT-0: disconnected
[    52.432] (--) NVIDIA(GPU-0): CRT-0: 400.0 MHz maximum pixel clock
[    52.432] (--) NVIDIA(GPU-0): 
[    52.432] (--) NVIDIA(GPU-0): Lenovo Group Limited (DFP-0): connected
[    52.432] (--) NVIDIA(GPU-0): Lenovo Group Limited (DFP-0): Internal LVDS
[    52.432] (--) NVIDIA(GPU-0): Lenovo Group Limited (DFP-0): 330.0 MHz maximum pixel clock
[    52.432] (--) NVIDIA(GPU-0): 
[    52.432] (--) NVIDIA(GPU-0): DFP-1: disconnected
[    52.432] (--) NVIDIA(GPU-0): DFP-1: Internal TMDS
[    52.432] (--) NVIDIA(GPU-0): DFP-1: 165.0 MHz maximum pixel clock
[    52.432] (--) NVIDIA(GPU-0): 
[    52.444] (--) NVIDIA(GPU-0): HP L1950 (DFP-2): connected
[    52.444] (--) NVIDIA(GPU-0): HP L1950 (DFP-2): Internal TMDS
[    52.444] (--) NVIDIA(GPU-0): HP L1950 (DFP-2): 165.0 MHz maximum pixel clock
[    52.444] (--) NVIDIA(GPU-0): 
[    52.444] (--) NVIDIA(GPU-0): DFP-3: disconnected
[    52.444] (--) NVIDIA(GPU-0): DFP-3: Internal TMDS
[    52.444] (--) NVIDIA(GPU-0): DFP-3: 165.0 MHz maximum pixel clock
[    52.444] (--) NVIDIA(GPU-0): 
[    52.444] (--) NVIDIA(GPU-0): DFP-4: disconnected
[    52.444] (--) NVIDIA(GPU-0): DFP-4: Internal DisplayPort
[    52.444] (--) NVIDIA(GPU-0): DFP-4: 480.0 MHz maximum pixel clock
[    52.444] (--) NVIDIA(GPU-0): 
[    52.444] (--) NVIDIA(GPU-0): DFP-5: disconnected
[    52.444] (--) NVIDIA(GPU-0): DFP-5: Internal DisplayPort
[    52.444] (--) NVIDIA(GPU-0): DFP-5: 480.0 MHz maximum pixel clock
[    52.444] (--) NVIDIA(GPU-0): 
[    52.445] (--) NVIDIA(GPU-0): Ancor Communications Inc ASUS PB278 (DFP-6): connected
[    52.445] (--) NVIDIA(GPU-0): Ancor Communications Inc ASUS PB278 (DFP-6): Internal DisplayPort
[    52.445] (--) NVIDIA(GPU-0): Ancor Communications Inc ASUS PB278 (DFP-6): 480.0 MHz maximum pixel clock
[    52.445] (--) NVIDIA(GPU-0): 
[    52.449] (--) NVIDIA(GPU-0): CRT-0: disconnected
[    52.449] (--) NVIDIA(GPU-0): CRT-0: 400.0 MHz maximum pixel clock
[    52.450] (--) NVIDIA(GPU-0): 
[    52.450] (--) NVIDIA(GPU-0): Lenovo Group Limited (DFP-0): connected
[    52.450] (--) NVIDIA(GPU-0): Lenovo Group Limited (DFP-0): Internal LVDS
[    52.450] (--) NVIDIA(GPU-0): Lenovo Group Limited (DFP-0): 330.0 MHz maximum pixel clock
[    52.450] (--) NVIDIA(GPU-0): 
[    52.450] (--) NVIDIA(GPU-0): DFP-1: disconnected
[    52.450] (--) NVIDIA(GPU-0): DFP-1: Internal TMDS
[    52.450] (--) NVIDIA(GPU-0): DFP-1: 165.0 MHz maximum pixel clock
[    52.450] (--) NVIDIA(GPU-0): 
[    52.461] (--) NVIDIA(GPU-0): HP L1950 (DFP-2): connected
[    52.461] (--) NVIDIA(GPU-0): HP L1950 (DFP-2): Internal TMDS
[    52.461] (--) NVIDIA(GPU-0): HP L1950 (DFP-2): 165.0 MHz maximum pixel clock
[    52.461] (--) NVIDIA(GPU-0): 
[    52.462] (--) NVIDIA(GPU-0): DFP-3: disconnected
[    52.462] (--) NVIDIA(GPU-0): DFP-3: Internal TMDS
[    52.462] (--) NVIDIA(GPU-0): DFP-3: 165.0 MHz maximum pixel clock
[    52.462] (--) NVIDIA(GPU-0): 
[    52.462] (--) NVIDIA(GPU-0): DFP-4: disconnected
[    52.462] (--) NVIDIA(GPU-0): DFP-4: Internal DisplayPort
[    52.462] (--) NVIDIA(GPU-0): DFP-4: 480.0 MHz maximum pixel clock
[    52.462] (--) NVIDIA(GPU-0): 
[    52.462] (--) NVIDIA(GPU-0): DFP-5: disconnected
[    52.462] (--) NVIDIA(GPU-0): DFP-5: Internal DisplayPort
[    52.462] (--) NVIDIA(GPU-0): DFP-5: 480.0 MHz maximum pixel clock
[    52.462] (--) NVIDIA(GPU-0): 
[    52.462] (--) NVIDIA(GPU-0): Ancor Communications Inc ASUS PB278 (DFP-6): connected
[    52.462] (--) NVIDIA(GPU-0): Ancor Communications Inc ASUS PB278 (DFP-6): Internal DisplayPort
[    52.462] (--) NVIDIA(GPU-0): Ancor Communications Inc ASUS PB278 (DFP-6): 480.0 MHz maximum pixel clock
[    52.462] (--) NVIDIA(GPU-0): 
[    52.533] (II) NVIDIA(0): Setting mode "LVDS-0: nvidia-auto-select @1600x900 +0+0 {ViewPortIn=1600x900, ViewPortOut=1600x900+0+0}"
[    52.630] (II) NVIDIA(0): Setting mode "LVDS-0: nvidia-auto-select @1600x900 +0+0 {ViewPortIn=1600x900, ViewPortOut=1600x900+0+0}, DP-5: nvidia-auto-select @2560x1440 +1600+0 {ViewPortIn=2560x1440, ViewPortOut=2560x1440+0+0}"
[    53.672] (--) NVIDIA(GPU-0): CRT-0: disconnected
[    53.672] (--) NVIDIA(GPU-0): CRT-0: 400.0 MHz maximum pixel clock
[    53.672] (--) NVIDIA(GPU-0): 
[    53.673] (--) NVIDIA(GPU-0): Lenovo Group Limited (DFP-0): connected
[    53.673] (--) NVIDIA(GPU-0): Lenovo Group Limited (DFP-0): Internal LVDS
[    53.673] (--) NVIDIA(GPU-0): Lenovo Group Limited (DFP-0): 330.0 MHz maximum pixel clock
[    53.673] (--) NVIDIA(GPU-0): 
[    53.673] (--) NVIDIA(GPU-0): DFP-1: disconnected
[    53.673] (--) NVIDIA(GPU-0): DFP-1: Internal TMDS
[    53.673] (--) NVIDIA(GPU-0): DFP-1: 165.0 MHz maximum pixel clock
[    53.673] (--) NVIDIA(GPU-0): 
[    53.684] (--) NVIDIA(GPU-0): HP L1950 (DFP-2): connected
[    53.684] (--) NVIDIA(GPU-0): HP L1950 (DFP-2): Internal TMDS
[    53.684] (--) NVIDIA(GPU-0): HP L1950 (DFP-2): 165.0 MHz maximum pixel clock
[    53.684] (--) NVIDIA(GPU-0): 
[    53.685] (--) NVIDIA(GPU-0): DFP-3: disconnected
[    53.685] (--) NVIDIA(GPU-0): DFP-3: Internal TMDS
[    53.685] (--) NVIDIA(GPU-0): DFP-3: 165.0 MHz maximum pixel clock
[    53.685] (--) NVIDIA(GPU-0): 
[    53.685] (--) NVIDIA(GPU-0): DFP-4: disconnected
[    53.685] (--) NVIDIA(GPU-0): DFP-4: Internal DisplayPort
[    53.685] (--) NVIDIA(GPU-0): DFP-4: 480.0 MHz maximum pixel clock
[    53.685] (--) NVIDIA(GPU-0): 
[    53.685] (--) NVIDIA(GPU-0): DFP-5: disconnected
[    53.685] (--) NVIDIA(GPU-0): DFP-5: Internal DisplayPort
[    53.685] (--) NVIDIA(GPU-0): DFP-5: 480.0 MHz maximum pixel clock
[    53.685] (--) NVIDIA(GPU-0): 
[    53.686] (--) NVIDIA(GPU-0): Ancor Communications Inc ASUS PB278 (DFP-6): connected
[    53.686] (--) NVIDIA(GPU-0): Ancor Communications Inc ASUS PB278 (DFP-6): Internal DisplayPort
[    53.686] (--) NVIDIA(GPU-0): Ancor Communications Inc ASUS PB278 (DFP-6): 480.0 MHz maximum pixel clock
[    53.686] (--) NVIDIA(GPU-0): 
